e:\vs\projects\openvideo\openvideo\x64\release\polylines.obj
e:\vs\projects\openvideo\openvideo\x64\release\openvideo.obj
e:\vs\projects\openvideo\openvideo\x64\release\moc_openvideo.obj
e:\vs\projects\openvideo\openvideo\x64\release\lk.obj
e:\vs\projects\openvideo\openvideo\x64\release\qrc_openvideo.obj
e:\vs\projects\openvideo\openvideo\x64\release\density.obj
e:\vs\projects\openvideo\openvideo\x64\release\main.obj
e:\vs\projects\openvideo\x64\release\openvideo.exe
e:\vs\projects\openvideo\openvideo\generatedfiles\release\moc_openvideo.cpp
e:\vs\projects\openvideo\openvideo\generatedfiles\qrc_openvideo.cpp
e:\vs\projects\openvideo\openvideo\generatedfiles\ui_openvideo.h
e:\vs\projects\openvideo\openvideo\.\generatedfiles\release\moc_openvideo.cpp
e:\vs\projects\openvideo\openvideo\.\generatedfiles\qrc_openvideo.cpp
e:\vs\projects\openvideo\openvideo\.\generatedfiles\ui_openvideo.h
e:\vs\projects\openvideo\openvideo\x64\release\openvideo.tlog\cl.command.1.tlog
e:\vs\projects\openvideo\openvideo\x64\release\openvideo.tlog\cl.read.1.tlog
e:\vs\projects\openvideo\openvideo\x64\release\openvideo.tlog\cl.write.1.tlog
e:\vs\projects\openvideo\openvideo\x64\release\openvideo.tlog\link.command.1.tlog
e:\vs\projects\openvideo\openvideo\x64\release\openvideo.tlog\link.read.1.tlog
e:\vs\projects\openvideo\openvideo\x64\release\openvideo.tlog\link.write.1.tlog
e:\vs\projects\openvideo\openvideo\x64\release\openvideo.tlog\openvideo.write.1u.tlog
e:\vs\projects\openvideo\openvideo\x64\release\openvideo.tlog\qtmoc.read.1u.tlog
e:\vs\projects\openvideo\openvideo\x64\release\openvideo.tlog\qtmoc.write.1u.tlog
e:\vs\projects\openvideo\openvideo\x64\release\openvideo.tlog\qtrcc.read.1u.tlog
e:\vs\projects\openvideo\openvideo\x64\release\openvideo.tlog\qtrcc.write.1u.tlog
e:\vs\projects\openvideo\openvideo\x64\release\openvideo.tlog\qtuic.read.1u.tlog
e:\vs\projects\openvideo\openvideo\x64\release\openvideo.tlog\qtuic.write.1u.tlog
